#
# There is insufficient memory for the Java Runtime Environment to continue.
# Native memory allocation (malloc) failed to allocate 1048576 bytes for AllocateHeap
# Possible reasons:
#   The system is out of physical RAM or swap space
#   In 32 bit mode, the process size limit was hit
# Possible solutions:
#   Reduce memory load on the system
#   Increase physical memory or swap space
#   Check if swap backing store is full
#   Use 64 bit Java on a 64 bit OS
#   Decrease Java heap size (-Xmx/-Xms)
#   Decrease number of Java threads
#   Decrease Java thread stack sizes (-Xss)
#   Set larger code cache with -XX:ReservedCodeCacheSize=
# This output file may be truncated or incomplete.
#
#  Out of Memory Error (memory/allocation.inline.hpp:61), pid=28288, tid=0x0000000000000654
#
# JRE version:  (8.0_111-b14) (build )
# Java VM: Java HotSpot(TM) 64-Bit Server VM (25.111-b14 mixed mode windows-amd64 compressed oops)
# Failed to write core dump. Minidumps are not enabled by default on client versions of Windows
#

---------------  T H R E A D  ---------------

Current thread (0x0000000002d0e000):  JavaThread "Unknown thread" [_thread_in_vm, id=1620, stack(0x0000000002d40000,0x0000000002e40000)]

Stack: [0x0000000002d40000,0x0000000002e40000]
[error occurred during error reporting (printing stack bounds), id 0xc0000005]

Native frames: (J=compiled Java code, j=interpreted, Vv=VM code, C=native code)


---------------  P R O C E S S  ---------------

Java Threads: ( => current thread )

Other Threads:

=>0x0000000002d0e000 (exited) JavaThread "Unknown thread" [_thread_in_vm, id=1620, stack(0x0000000002d40000,0x0000000002e40000)]

VM state:not at safepoint (normal execution)

VM Mutex/Monitor currently owned by a thread: None

Heap:
 PSYoungGen      total 2048K, used 30K [0x000000076b800000, 0x000000076ba80000, 0x00000007c0000000)
  eden space 1536K, 2% used [0x000000076b800000,0x000000076b807af0,0x000000076b980000)
  from space 512K, 0% used [0x000000076ba00000,0x000000076ba00000,0x000000076ba80000)
  to   space 512K, 0% used [0x000000076b980000,0x000000076b980000,0x000000076ba00000)
 ParOldGen       total 5632K, used 0K [0x00000006c2800000, 0x00000006c2d80000, 0x000000076b800000)
  object space 5632K, 0% used [0x00000006c2800000,0x00000006c2800000,0x00000006c2d80000)
 Metaspace       used 770K, capacity 4480K, committed 4480K, reserved 1056768K
  class space    used 75K, capacity 384K, committed 384K, reserved 1048576K

Card table byte_map: [0x0000000012400000,0x0000000012bf0000] byte_map_base: 0x000000000edec000

Marking Bits: (ParMarkBitMap*) 0x000000005144a6c0
 Begin Bits: [0x0000000013940000, 0x00000000178a0000)
 End Bits:   [0x00000000178a0000, 0x000000001b800000)

Polling page: 0x00000000013d0000

CodeCache: size=245760Kb used=328Kb max_used=328Kb free=245431Kb
 bounds [0x0000000003040000, 0x00000000032b0000, 0x0000000012040000]
 total_blobs=58 nmethods=0 adapters=38
 compilation: enabled

Compilation events (0 events):
No events

GC Heap History (0 events):
No events

Deoptimization events (0 events):
No events

Internal exceptions (0 events):
No events

Events (10 events):
Event: 0.023 loading class java/lang/Short
Event: 0.023 loading class java/lang/Short done
Event: 0.023 loading class java/lang/Integer
Event: 0.023 loading class java/lang/Integer done
Event: 0.023 loading class java/lang/Long
Event: 0.023 loading class java/lang/Long done
Event: 0.023 loading class java/lang/NullPointerException
Event: 0.023 loading class java/lang/NullPointerException done
Event: 0.023 loading class java/lang/ArithmeticException
Event: 0.023 loading class java/lang/ArithmeticException done


Dynamic libraries:
0x00007ff6e1710000 - 0x00007ff6e1717000 	C:\Program Files\Java\jdk1.8.0_111\bin\javac.exe
0x00007ff9e3af0000 - 0x00007ff9e3ce8000 	C:\WINDOWS\SYSTEM32\ntdll.dll
0x00007ff9e2af0000 - 0x00007ff9e2baf000 	C:\WINDOWS\System32\KERNEL32.DLL
0x00007ff9e1370000 - 0x00007ff9e1642000 	C:\WINDOWS\System32\KERNELBASE.dll
0x00000000508b0000 - 0x00000000508df000 	C:\Program Files\Java\jdk1.8.0_111\bin\jli.dll
0x00007ff9e2250000 - 0x00007ff9e22fe000 	C:\WINDOWS\System32\ADVAPI32.dll
0x00007ff9e2c50000 - 0x00007ff9e2cee000 	C:\WINDOWS\System32\msvcrt.dll
0x00007ff9e2bb0000 - 0x00007ff9e2c4c000 	C:\WINDOWS\System32\sechost.dll
0x00000000507d0000 - 0x00000000508a2000 	C:\Program Files\Java\jdk1.8.0_111\bin\MSVCR100.dll
0x00007ff9e1b30000 - 0x00007ff9e1c55000 	C:\WINDOWS\System32\RPCRT4.dll
0x00007ff9e2800000 - 0x00007ff9e29a1000 	C:\WINDOWS\System32\USER32.dll
0x00007ff9e1230000 - 0x00007ff9e1252000 	C:\WINDOWS\System32\win32u.dll
0x00007ff9e3890000 - 0x00007ff9e38bb000 	C:\WINDOWS\System32\GDI32.dll
0x00007ff9cf1d0000 - 0x00007ff9cf46a000 	C:\WINDOWS\WinSxS\amd64_microsoft.windows.common-controls_6595b64144ccf1df_6.0.19041.1110_none_60b5254171f9507e\COMCTL32.dll
0x00007ff9e1260000 - 0x00007ff9e136f000 	C:\WINDOWS\System32\gdi32full.dll
0x00007ff9e16c0000 - 0x00007ff9e175d000 	C:\WINDOWS\System32\msvcp_win.dll
0x00007ff9e1760000 - 0x00007ff9e1860000 	C:\WINDOWS\System32\ucrtbase.dll
0x00007ff9e36c0000 - 0x00007ff9e36f2000 	C:\WINDOWS\System32\IMM32.DLL
0x0000000051b30000 - 0x0000000051c02000 	C:\Program Files\Java\jdk1.8.0_111\jre\bin\msvcr100.dll
0x0000000050c30000 - 0x00000000514ca000 	C:\Program Files\Java\jdk1.8.0_111\jre\bin\server\jvm.dll
0x00007ff9e1d30000 - 0x00007ff9e1d38000 	C:\WINDOWS\System32\PSAPI.DLL
0x00007ff9da380000 - 0x00007ff9da38a000 	C:\WINDOWS\SYSTEM32\VERSION.dll
0x00007ff9c1a70000 - 0x00007ff9c1a79000 	C:\WINDOWS\SYSTEM32\WSOCK32.dll
0x00007ff9d2ae0000 - 0x00007ff9d2b07000 	C:\WINDOWS\SYSTEM32\WINMM.dll
0x00007ff9e2cf0000 - 0x00007ff9e2d5b000 	C:\WINDOWS\System32\WS2_32.dll
0x0000000051ae0000 - 0x0000000051aef000 	C:\Program Files\Java\jdk1.8.0_111\jre\bin\verify.dll
0x0000000050c00000 - 0x0000000050c29000 	C:\Program Files\Java\jdk1.8.0_111\jre\bin\java.dll
0x0000000050be0000 - 0x0000000050bf6000 	C:\Program Files\Java\jdk1.8.0_111\jre\bin\zip.dll

VM Arguments:
jvm_args: -Dapplication.home=C:\Program Files\Java\jdk1.8.0_111 -Xms8m 
java_command: com.sun.tools.javac.Main -d C:\Users\96655\OneDrive - King Abdullaziz University\Desktop\B9_Group3\build\classes -classpath C:\Users\96655\OneDrive - King Abdullaziz University\Desktop\B9_Group3\build\classes -sourcepath C:\Users\96655\OneDrive - King Abdullaziz University\Desktop\B9_Group3\src -target 1.8 -encoding UTF-8 -g -processorpath C:\Users\96655\OneDrive - King Abdullaziz University\Desktop\B9_Group3\build\empty -s C:\Users\96655\OneDrive - King Abdullaziz University\Desktop\B9_Group3\build\generated-sources\ap-source-output -source 1.8 C:\Users\96655\OneDrive - King Abdullaziz University\Desktop\B9_Group3\src\onlineBookstore.java
java_class_path (initial): C:\Program Files\Java\jdk1.8.0_111/lib/tools.jar;C:\Program Files\Java\jdk1.8.0_111/classes
Launcher Type: SUN_STANDARD

Environment Variables:
JAVA_HOME=C:\Program Files\AdoptOpenJDK\jre-8.0.265.01-hotspot\
PATH=C:\oraclexe\app\oracle\product\11.2.0\server\bin;C:\ProgramData\Oracle\Java\javapath;C:\Program Files\AdoptOpenJDK\jre-8.0.265.01-hotspot\bin;C:\Program Files\AdoptOpenJDK\jre-11.0.8.10-hotspot\bin;C:\Program Files (x86)\AdoptOpenJDK\jre-8.0.265.01-hotspot\bin;C:\Windows\system32;C:\Windows;C:\Windows\System32\Wbem;C:\Windows\System32\WindowsPowerShell\v1.0\;C:\Windows\System32\OpenSSH\;C:\Program Files (x86)\NVIDIA Corporation\PhysX\Common;C:\Program Files\NVIDIA Corporation\NVIDIA NvDLISR;C:\WINDOWS\system32;C:\WINDOWS;C:\WINDOWS\System32\Wbem;C:\WINDOWS\System32\WindowsPowerShell\v1.0\;C:\WINDOWS\System32\OpenSSH\;C:\Program Files\Git\cmd;C:\Users\96655\AppData\Local\Microsoft\WindowsApps;C:\Users\96655\AppData\Local\GitHubDesktop\bin
USERNAME=96655
OS=Windows_NT
PROCESSOR_IDENTIFIER=Intel64 Family 6 Model 142 Stepping 12, GenuineIntel



---------------  S Y S T E M  ---------------

OS: Windows 10.0 , 64 bit Build 19041 (10.0.19041.2364)

CPU:total 8 (4 cores per cpu, 2 threads per core) family 6 model 142 stepping 12, cmov, cx8, fxsr, mmx, sse, sse2, sse3, ssse3, sse4.1, sse4.2, popcnt, avx, avx2, aes, clmul, erms, 3dnowpref, lzcnt, ht, tsc, tscinvbit, bmi1, bmi2, adx

Memory: 4k page, physical 16606512k(4808316k free), swap 32335148k(5168k free)

vm_info: Java HotSpot(TM) 64-Bit Server VM (25.111-b14) for windows-amd64 JRE (1.8.0_111-b14), built on Sep 22 2016 19:24:05 by "java_re" with MS VC++ 10.0 (VS2010)

time: Sun Feb 05 00:52:42 2023
elapsed time: 0 seconds (0d 0h 0m 0s)

